<?xml version="1.0" encoding="UTF-8"?>
<testsuite xmlns:xsi="http://www.w3.org/2001/XMLSchema-instance" xsi:noNamespaceSchemaLocation="https://maven.apache.org/surefire/maven-surefire-plugin/xsd/surefire-test-report.xsd" name="org.sebastian.junit5app.ejemplos.CuentaTest" time="0.22" tests="8" errors="0" skipped="0" failures="0">
  <properties>
    <property name="sun.desktop" value="windows"/>
    <property name="awt.toolkit" value="sun.awt.windows.WToolkit"/>
    <property name="java.specification.version" value="11"/>
    <property name="sun.cpu.isalist" value="amd64"/>
    <property name="sun.jnu.encoding" value="Cp1252"/>
    <property name="java.class.path" value="C:\Java\Java-Spring\JUnit5\junit5_app\target\test-classes;C:\Java\Java-Spring\JUnit5\junit5_app\target\classes;C:\Users\jhonc\.m2\repository\org\junit\jupiter\junit-jupiter\5.8.1\junit-jupiter-5.8.1.jar;C:\Users\jhonc\.m2\repository\org\junit\jupiter\junit-jupiter-api\5.8.1\junit-jupiter-api-5.8.1.jar;C:\Users\jhonc\.m2\repository\org\opentest4j\opentest4j\1.2.0\opentest4j-1.2.0.jar;C:\Users\jhonc\.m2\repository\org\junit\platform\junit-platform-commons\1.8.1\junit-platform-commons-1.8.1.jar;C:\Users\jhonc\.m2\repository\org\apiguardian\apiguardian-api\1.1.2\apiguardian-api-1.1.2.jar;C:\Users\jhonc\.m2\repository\org\junit\jupiter\junit-jupiter-params\5.8.1\junit-jupiter-params-5.8.1.jar;C:\Users\jhonc\.m2\repository\org\junit\jupiter\junit-jupiter-engine\5.8.1\junit-jupiter-engine-5.8.1.jar;C:\Users\jhonc\.m2\repository\org\junit\platform\junit-platform-engine\1.8.1\junit-platform-engine-1.8.1.jar;"/>
    <property name="java.vm.vendor" value="Oracle Corporation"/>
    <property name="sun.arch.data.model" value="64"/>
    <property name="user.variant" value=""/>
    <property name="java.vendor.url" value="http://java.oracle.com/"/>
    <property name="user.timezone" value="America/Bogota"/>
    <property name="java.vm.specification.version" value="11"/>
    <property name="os.name" value="Windows 10"/>
    <property name="sun.java.launcher" value="SUN_STANDARD"/>
    <property name="user.country" value="CO"/>
    <property name="sun.boot.library.path" value="C:\Java\openJDK\openjdk-11.0.1_windows-x64_bin\jdk-11.0.1\bin"/>
    <property name="sun.java.command" value="C:\Users\jhonc\AppData\Local\Temp\surefire16402985263763262585\surefirebooter6782404927744404057.jar C:\Users\jhonc\AppData\Local\Temp\surefire16402985263763262585 2022-06-17T11-07-04_896-jvmRun1 surefire1323000049881355907tmp surefire_01514243295643262369tmp"/>
    <property name="jdk.debug" value="release"/>
    <property name="surefire.test.class.path" value="C:\Java\Java-Spring\JUnit5\junit5_app\target\test-classes;C:\Java\Java-Spring\JUnit5\junit5_app\target\classes;C:\Users\jhonc\.m2\repository\org\junit\jupiter\junit-jupiter\5.8.1\junit-jupiter-5.8.1.jar;C:\Users\jhonc\.m2\repository\org\junit\jupiter\junit-jupiter-api\5.8.1\junit-jupiter-api-5.8.1.jar;C:\Users\jhonc\.m2\repository\org\opentest4j\opentest4j\1.2.0\opentest4j-1.2.0.jar;C:\Users\jhonc\.m2\repository\org\junit\platform\junit-platform-commons\1.8.1\junit-platform-commons-1.8.1.jar;C:\Users\jhonc\.m2\repository\org\apiguardian\apiguardian-api\1.1.2\apiguardian-api-1.1.2.jar;C:\Users\jhonc\.m2\repository\org\junit\jupiter\junit-jupiter-params\5.8.1\junit-jupiter-params-5.8.1.jar;C:\Users\jhonc\.m2\repository\org\junit\jupiter\junit-jupiter-engine\5.8.1\junit-jupiter-engine-5.8.1.jar;C:\Users\jhonc\.m2\repository\org\junit\platform\junit-platform-engine\1.8.1\junit-platform-engine-1.8.1.jar;"/>
    <property name="sun.cpu.endian" value="little"/>
    <property name="user.home" value="C:\Users\jhonc"/>
    <property name="user.language" value="es"/>
    <property name="java.specification.vendor" value="Oracle Corporation"/>
    <property name="java.version.date" value="2018-10-16"/>
    <property name="java.home" value="C:\Java\openJDK\openjdk-11.0.1_windows-x64_bin\jdk-11.0.1"/>
    <property name="file.separator" value="\"/>
    <property name="basedir" value="C:\Java\Java-Spring\JUnit5\junit5_app"/>
    <property name="java.vm.compressedOopsMode" value="32-bit"/>
    <property name="line.separator" value="&#10;"/>
    <property name="java.specification.name" value="Java Platform API Specification"/>
    <property name="java.vm.specification.vendor" value="Oracle Corporation"/>
    <property name="java.awt.graphicsenv" value="sun.awt.Win32GraphicsEnvironment"/>
    <property name="surefire.real.class.path" value="C:\Users\jhonc\AppData\Local\Temp\surefire16402985263763262585\surefirebooter6782404927744404057.jar"/>
    <property name="user.script" value=""/>
    <property name="sun.management.compiler" value="HotSpot 64-Bit Tiered Compilers"/>
    <property name="java.runtime.version" value="11.0.1+13"/>
    <property name="user.name" value="jhonc"/>
    <property name="path.separator" value=";"/>
    <property name="os.version" value="10.0"/>
    <property name="java.runtime.name" value="OpenJDK Runtime Environment"/>
    <property name="file.encoding" value="Cp1252"/>
    <property name="java.vm.name" value="OpenJDK 64-Bit Server VM"/>
    <property name="java.vendor.version" value="18.9"/>
    <property name="localRepository" value="C:\Users\jhonc\.m2\repository"/>
    <property name="java.vendor.url.bug" value="http://bugreport.java.com/bugreport/"/>
    <property name="java.io.tmpdir" value="C:\Users\jhonc\AppData\Local\Temp\"/>
    <property name="idea.version" value="2022.1"/>
    <property name="java.version" value="11.0.1"/>
    <property name="user.dir" value="C:\Java\Java-Spring\JUnit5\junit5_app"/>
    <property name="os.arch" value="amd64"/>
    <property name="java.vm.specification.name" value="Java Virtual Machine Specification"/>
    <property name="java.awt.printerjob" value="sun.awt.windows.WPrinterJob"/>
    <property name="sun.os.patch.level" value=""/>
    <property name="java.library.path" value="C:\Java\openJDK\openjdk-11.0.1_windows-x64_bin\jdk-11.0.1\bin;C:\WINDOWS\Sun\Java\bin;C:\WINDOWS\system32;C:\WINDOWS;C:\Windows\system32;C:\Windows;C:\Windows\System32\Wbem;C:\Windows\System32\WindowsPowerShell\v1.0\;C:\Windows\System32\OpenSSH\;C:\Program Files (x86)\NVIDIA Corporation\PhysX\Common;C:\Program Files\NVIDIA Corporation\NVIDIA NvDLISR;C:\Program Files\Git\cmd;C:\Program Files\PowerShell\7\;C:\Program Files\nodejs\;C:\WINDOWS\system32;C:\WINDOWS;C:\WINDOWS\System32\Wbem;C:\WINDOWS\System32\WindowsPowerShell\v1.0\;C:\WINDOWS\System32\OpenSSH\;C:\Program Files\Docker\Docker\resources\bin;C:\ProgramData\DockerDesktop\version-bin;C:\Java\openJDK\java-se-8u41-ri\bin;C:\Java\openJDK\openjdk-11.0.1_windows-x64_bin\jdk-11.0.1\bin;C:\Users\jhonc\AppData\Local\Microsoft\WindowsApps;C:\Users\jhonc\AppData\Local\Programs\Microsoft VS Code\bin;C:\Users\jhonc\AppData\Roaming\npm;C:\Program Files\JetBrains\WebStorm 2022.1.2\bin;;C:\Program Files\Java\jdk1.8.0_333\bin;;."/>
    <property name="java.vendor" value="Oracle Corporation"/>
    <property name="java.vm.info" value="mixed mode"/>
    <property name="java.vm.version" value="11.0.1+13"/>
    <property name="sun.io.unicode.encoding" value="UnicodeLittle"/>
    <property name="java.class.version" value="55.0"/>
  </properties>
  <testcase name="testRelacionBancoCuentas" classname="org.sebastian.junit5app.ejemplos.CuentaTest" time="0.146"/>
  <testcase name="testDineroInsuficienteException" classname="org.sebastian.junit5app.ejemplos.CuentaTest" time="0"/>
  <testcase name="testCreditoCuenta" classname="org.sebastian.junit5app.ejemplos.CuentaTest$CuentaOperacionesTest" time="0.005"/>
  <testcase name="testDebitoCuenta" classname="org.sebastian.junit5app.ejemplos.CuentaTest$CuentaOperacionesTest" time="0"/>
  <testcase name="testTransferirDineroCuentas" classname="org.sebastian.junit5app.ejemplos.CuentaTest$CuentaOperacionesTest" time="0"/>
  <testcase name="testSaldoCuenta" classname="org.sebastian.junit5app.ejemplos.CuentaTest$CuentaTestNombreSaldo" time="0"/>
  <testcase name="testReferenciaCuenta" classname="org.sebastian.junit5app.ejemplos.CuentaTest$CuentaTestNombreSaldo" time="0"/>
  <testcase name="testNombreCuenta" classname="org.sebastian.junit5app.ejemplos.CuentaTest$CuentaTestNombreSaldo" time="0.016"/>
</testsuite>